# JRE version: Java(TM) SE Runtime Environment (8.0_151-b12) (build 1.8.0_151-b12)
# Java VM: Java HotSpot(TM) 64-Bit Server VM (25.151-b12 mixed mode windows-amd64 compressed oops)
Heap:
 PSYoungGen      total 314368K, used 31731K [0x00000000eb200000, 0x00000000ffe00000, 0x0000000100000000)
  eden space 307200K, 8% used [0x00000000eb200000,0x00000000eca0d698,0x00000000fde00000)
  from space 7168K, 99% used [0x00000000fde00000,0x00000000fe4ef748,0x00000000fe500000)
  to   space 16384K, 0% used [0x00000000fee00000,0x00000000fee00000,0x00000000ffe00000)
 ParOldGen       total 81408K, used 20594K [0x00000000c1600000, 0x00000000c6580000, 0x00000000eb200000)
  object space 81408K, 25% used [0x00000000c1600000,0x00000000c2a1ca88,0x00000000c6580000)
 Metaspace       used 59715K, capacity 63304K, committed 63556K, reserved 1103872K
  class space    used 7897K, capacity 8539K, committed 8576K, reserved 1048576K
GC Heap History (10 events):
Event: 171.356 GC heap before
{Heap before GC invocations=19 (full 4):
 PSYoungGen      total 323584K, used 259261K [0x00000000eb200000, 0x0000000100000000, 0x0000000100000000)
  eden space 304640K, 85% used [0x00000000eb200000,0x00000000faf2f7e8,0x00000000fdb80000)
  from space 18944K, 0% used [0x00000000fed80000,0x00000000fed80000,0x0000000100000000)
  to   space 18432K, 0% used [0x00000000fdb80000,0x00000000fdb80000,0x00000000fed80000)
 ParOldGen       total 81408K, used 20559K [0x00000000c1600000, 0x00000000c6580000, 0x00000000eb200000)
  object space 81408K, 25% used [0x00000000c1600000,0x00000000c2a13cb8,0x00000000c6580000)
 Metaspace       used 58916K, capacity 62174K, committed 62404K, reserved 1103872K
  class space    used 7801K, capacity 8379K, committed 8448K, reserved 1048576K
Event: 171.376 GC heap after
Heap after GC invocations=19 (full 4):
 PSYoungGen      total 323072K, used 4866K [0x00000000eb200000, 0x0000000100000000, 0x0000000100000000)
  eden space 304640K, 0% used [0x00000000eb200000,0x00000000eb200000,0x00000000fdb80000)
  from space 18432K, 26% used [0x00000000fdb80000,0x00000000fe040af8,0x00000000fed80000)
  to   space 17920K, 0% used [0x00000000fee80000,0x00000000fee80000,0x0000000100000000)
 ParOldGen       total 81408K, used 20567K [0x00000000c1600000, 0x00000000c6580000, 0x00000000eb200000)
  object space 81408K, 25% used [0x00000000c1600000,0x00000000c2a15cb8,0x00000000c6580000)
 Metaspace       used 58916K, capacity 62174K, committed 62404K, reserved 1103872K
  class space    used 7801K, capacity 8379K, committed 8448K, reserved 1048576K
}
Event: 171.376 GC heap before
{Heap before GC invocations=20 (full 5):
 PSYoungGen      total 323072K, used 4866K [0x00000000eb200000, 0x0000000100000000, 0x0000000100000000)
  eden space 304640K, 0% used [0x00000000eb200000,0x00000000eb200000,0x00000000fdb80000)
  from space 18432K, 26% used [0x00000000fdb80000,0x00000000fe040af8,0x00000000fed80000)
  to   space 17920K, 0% used [0x00000000fee80000,0x00000000fee80000,0x0000000100000000)
 ParOldGen       total 81408K, used 20567K [0x00000000c1600000, 0x00000000c6580000, 0x00000000eb200000)
  object space 81408K, 25% used [0x00000000c1600000,0x00000000c2a15cb8,0x00000000c6580000)
 Metaspace       used 58916K, capacity 62174K, committed 62404K, reserved 1103872K
  class space    used 7801K, capacity 8379K, committed 8448K, reserved 1048576K
Event: 171.931 GC heap after
Heap after GC invocations=20 (full 5):
 PSYoungGen      total 323072K, used 0K [0x00000000eb200000, 0x0000000100000000, 0x0000000100000000)
  eden space 304640K, 0% used [0x00000000eb200000,0x00000000eb200000,0x00000000fdb80000)
  from space 18432K, 0% used [0x00000000fdb80000,0x00000000fdb80000,0x00000000fed80000)
  to   space 17920K, 0% used [0x00000000fee80000,0x00000000fee80000,0x0000000100000000)
 ParOldGen       total 81408K, used 20648K [0x00000000c1600000, 0x00000000c6580000, 0x00000000eb200000)
  object space 81408K, 25% used [0x00000000c1600000,0x00000000c2a2a000,0x00000000c6580000)
 Metaspace       used 58906K, capacity 62158K, committed 62404K, reserved 1103872K
  class space    used 7799K, capacity 8375K, committed 8448K, reserved 1048576K
}
Event: 197.211 GC heap before
{Heap before GC invocations=21 (full 5):
 PSYoungGen      total 323072K, used 245855K [0x00000000eb200000, 0x0000000100000000, 0x0000000100000000)
  eden space 304640K, 80% used [0x00000000eb200000,0x00000000fa217ee8,0x00000000fdb80000)
  from space 18432K, 0% used [0x00000000fdb80000,0x00000000fdb80000,0x00000000fed80000)
  to   space 17920K, 0% used [0x00000000fee80000,0x00000000fee80000,0x0000000100000000)
 ParOldGen       total 81408K, used 20648K [0x00000000c1600000, 0x00000000c6580000, 0x00000000eb200000)
  object space 81408K, 25% used [0x00000000c1600000,0x00000000c2a2a000,0x00000000c6580000)
 Metaspace       used 59160K, capacity 62526K, committed 62660K, reserved 1103872K
  class space    used 7828K, capacity 8436K, committed 8448K, reserved 1048576K
Event: 197.227 GC heap after
Heap after GC invocations=21 (full 5):
 PSYoungGen      total 325120K, used 4641K [0x00000000eb200000, 0x0000000100000000, 0x0000000100000000)
  eden space 307200K, 0% used [0x00000000eb200000,0x00000000eb200000,0x00000000fde00000)
  from space 17920K, 25% used [0x00000000fee80000,0x00000000ff308768,0x0000000100000000)
  to   space 16896K, 0% used [0x00000000fde00000,0x00000000fde00000,0x00000000fee80000)
 ParOldGen       total 81408K, used 20656K [0x00000000c1600000, 0x00000000c6580000, 0x00000000eb200000)
  object space 81408K, 25% used [0x00000000c1600000,0x00000000c2a2c000,0x00000000c6580000)
 Metaspace       used 59160K, capacity 62526K, committed 62660K, reserved 1103872K
  class space    used 7828K, capacity 8436K, committed 8448K, reserved 1048576K
}
Event: 197.227 GC heap before
{Heap before GC invocations=22 (full 6):
 PSYoungGen      total 325120K, used 4641K [0x00000000eb200000, 0x0000000100000000, 0x0000000100000000)
  eden space 307200K, 0% used [0x00000000eb200000,0x00000000eb200000,0x00000000fde00000)
  from space 17920K, 25% used [0x00000000fee80000,0x00000000ff308768,0x0000000100000000)
  to   space 16896K, 0% used [0x00000000fde00000,0x00000000fde00000,0x00000000fee80000)
 ParOldGen       total 81408K, used 20656K [0x00000000c1600000, 0x00000000c6580000, 0x00000000eb200000)
  object space 81408K, 25% used [0x00000000c1600000,0x00000000c2a2c000,0x00000000c6580000)
 Metaspace       used 59160K, capacity 62526K, committed 62660K, reserved 1103872K
  class space    used 7828K, capacity 8436K, committed 8448K, reserved 1048576K
Event: 197.837 GC heap after
Heap after GC invocations=22 (full 6):
 PSYoungGen      total 325120K, used 0K [0x00000000eb200000, 0x0000000100000000, 0x0000000100000000)
  eden space 307200K, 0% used [0x00000000eb200000,0x00000000eb200000,0x00000000fde00000)
  from space 17920K, 0% used [0x00000000fee80000,0x00000000fee80000,0x0000000100000000)
  to   space 16896K, 0% used [0x00000000fde00000,0x00000000fde00000,0x00000000fee80000)
 ParOldGen       total 81408K, used 20586K [0x00000000c1600000, 0x00000000c6580000, 0x00000000eb200000)
  object space 81408K, 25% used [0x00000000c1600000,0x00000000c2a1aa88,0x00000000c6580000)
 Metaspace       used 59157K, capacity 62520K, committed 62660K, reserved 1103872K
  class space    used 7827K, capacity 8434K, committed 8448K, reserved 1048576K
}
Event: 1204.659 GC heap before
{Heap before GC invocations=23 (full 6):
 PSYoungGen      total 325120K, used 307200K [0x00000000eb200000, 0x0000000100000000, 0x0000000100000000)
  eden space 307200K, 100% used [0x00000000eb200000,0x00000000fde00000,0x00000000fde00000)
  from space 17920K, 0% used [0x00000000fee80000,0x00000000fee80000,0x0000000100000000)
  to   space 16896K, 0% used [0x00000000fde00000,0x00000000fde00000,0x00000000fee80000)
 ParOldGen       total 81408K, used 20586K [0x00000000c1600000, 0x00000000c6580000, 0x00000000eb200000)
  object space 81408K, 25% used [0x00000000c1600000,0x00000000c2a1aa88,0x00000000c6580000)
 Metaspace       used 59714K, capacity 63304K, committed 63556K, reserved 1103872K
  class space    used 7897K, capacity 8539K, committed 8576K, reserved 1048576K
Event: 1204.684 GC heap after
Heap after GC invocations=23 (full 6):
 PSYoungGen      total 314368K, used 7101K [0x00000000eb200000, 0x00000000ffe00000, 0x0000000100000000)
  eden space 307200K, 0% used [0x00000000eb200000,0x00000000eb200000,0x00000000fde00000)
  from space 7168K, 99% used [0x00000000fde00000,0x00000000fe4ef748,0x00000000fe500000)
  to   space 16384K, 0% used [0x00000000fee00000,0x00000000fee00000,0x00000000ffe00000)
 ParOldGen       total 81408K, used 20594K [0x00000000c1600000, 0x00000000c6580000, 0x00000000eb200000)
  object space 81408K, 25% used [0x00000000c1600000,0x00000000c2a1ca88,0x00000000c6580000)
 Metaspace       used 59714K, capacity 63304K, committed 63556K, reserved 1103872K
  class space    used 7897K, capacity 8539K, committed 8576K, reserved 1048576K
}

